<?xml version="1.0" encoding="UTF-8"?>
<!-- Generated by org.testng.reporters.JUnitXMLReporter -->
<testsuite ignored="0" hostname="SeenaReddy" failures="0" tests="5" name="Default test" time="21.593" errors="0" timestamp="2025-10-29T19:34:06 MDT">
  <testcase classname="com.automationexercise_testscenario.TS_01_Registration" name="tc_01" time="8.046"/>
  <testcase classname="com.automationexercise_testscenario.TS_01_Registration" name="tc_02" time="3.181"/>
  <testcase classname="com.automationexercise_testscenario.TS_01_Registration" name="tc_03" time="1.459"/>
  <testcase classname="com.automationexercise_testscenario.TS_01_Registration" name="tc_04" time="3.572"/>
  <testcase classname="com.automationexercise_testscenario.TS_01_Registration" name="tc_05" time="5.245"/>
</testsuite> <!-- Default test -->
