<?xml version="1.0" encoding="UTF-8"?>
<!-- Generated by org.testng.reporters.JUnitXMLReporter -->
<testsuite ignored="0" hostname="SeenaReddy" failures="0" tests="2" name="ChromeTestResults" time="22.336" errors="0" timestamp="2025-11-04T19:36:29 MST">
  <testcase classname="com.automationexercise_testscenario.TS_04_ValidateSearching" name="searchProduct" time="10.172"/>
  <testcase classname="com.automationexercise_testscenario.TS_02_LoginAndLogout" name="f" time="12.103"/>
</testsuite> <!-- ChromeTestResults -->
