<?xml version="1.0" encoding="UTF-8"?>
<!-- Generated by org.testng.reporters.JUnitXMLReporter -->
<testsuite ignored="0" hostname="SeenaReddy" failures="0" tests="2" name="EdgeTestResults" time="21.416" errors="0" timestamp="2025-11-04T19:37:26 MST">
  <testcase classname="com.automationexercise_testscenario.TS_04_ValidateSearching" name="searchProduct" time="9.262"/>
  <testcase classname="com.automationexercise_testscenario.TS_02_LoginAndLogout" name="f" time="12.144"/>
</testsuite> <!-- EdgeTestResults -->
