<?xml version="1.0" encoding="UTF-8"?>
<testng-results ignored="0" total="1" passed="1" failed="0" skipped="0">
  <reporter-output>
  </reporter-output>
  <suite started-at="2025-10-21T19:40:43 MDT" name="Default suite" finished-at="2025-10-21T19:40:47 MDT" duration-ms="4310">
    <groups>
    </groups>
    <test started-at="2025-10-21T19:40:43 MDT" name="Default test" finished-at="2025-10-21T19:40:47 MDT" duration-ms="4310">
      <class name="com.testscenarios.HyperlinkDemo">
        <test-method signature="f()[pri:0, instance:com.testscenarios.HyperlinkDemo@4e08711f]" started-at="2025-10-21T19:40:43 MDT" name="f" finished-at="2025-10-21T19:40:47 MDT" duration-ms="4254" status="PASS">
          <reporter-output>
          </reporter-output>
        </test-method> <!-- f -->
      </class> <!-- com.testscenarios.HyperlinkDemo -->
    </test> <!-- Default test -->
  </suite> <!-- Default suite -->
</testng-results>
