<?xml version="1.0" encoding="UTF-8"?>
<testng-results ignored="0" total="2" passed="2" failed="0" skipped="0">
  <reporter-output>
  </reporter-output>
  <suite started-at="2025-10-27T20:04:00 MDT" name="Default suite" finished-at="2025-10-27T20:04:11 MDT" duration-ms="11239">
    <groups>
    </groups>
    <test started-at="2025-10-27T20:04:00 MDT" name="Default test" finished-at="2025-10-27T20:04:11 MDT" duration-ms="11239">
      <class name="com.automationexercise_testscenario.TS_01_Registration">
        <test-method signature="tc_01()[pri:0, instance:com.automationexercise_testscenario.TS_01_Registration@fbd1f6]" started-at="2025-10-27T20:04:00 MDT" name="tc_01" finished-at="2025-10-27T20:04:08 MDT" duration-ms="7854" status="PASS">
          <reporter-output>
          </reporter-output>
        </test-method> <!-- tc_01 -->
        <test-method signature="tc_02()[pri:0, instance:com.automationexercise_testscenario.TS_01_Registration@fbd1f6]" started-at="2025-10-27T20:04:08 MDT" name="tc_02" finished-at="2025-10-27T20:04:11 MDT" duration-ms="3313" status="PASS">
          <reporter-output>
          </reporter-output>
        </test-method> <!-- tc_02 -->
      </class> <!-- com.automationexercise_testscenario.TS_01_Registration -->
    </test> <!-- Default test -->
  </suite> <!-- Default suite -->
</testng-results>
