<?xml version="1.0" encoding="UTF-8"?>
<!-- Generated by org.testng.reporters.JUnitReportReporter -->
<testsuite hostname="SeenaReddy" failures="0" tests="3" name="com.automationexercise_testscenario.TS_04_ValidateSearching" time="35.804" errors="0" timestamp="2025-11-04T19:37:26 MST" skipped="0">
  <testcase classname="com.automationexercise_testscenario.TS_04_ValidateSearching" name="searchProduct" time="10.172"/>
  <testcase classname="com.automationexercise_testscenario.TS_04_ValidateSearching" name="searchProduct" time="9.262"/>
  <testcase classname="com.automationexercise_testscenario.TS_04_ValidateSearching" name="searchProduct" time="16.370"/>
</testsuite> <!-- com.automationexercise_testscenario.TS_04_ValidateSearching -->
