<?xml version="1.0" encoding="UTF-8"?>
<!-- Generated by org.testng.reporters.JUnitReportReporter -->
<testsuite hostname="Dellinspiron14" failures="0" tests="5" name="com.automationexercise_testscenario.TS_01_Registration" time="38.510" errors="0" timestamp="2025-10-30T08:48:10 EDT" skipped="0">
  <testcase classname="com.automationexercise_testscenario.TS_01_Registration" name="tc_03" time="1.127"/>
  <testcase classname="com.automationexercise_testscenario.TS_01_Registration" name="tc_05" time="28.140"/>
  <testcase classname="com.automationexercise_testscenario.TS_01_Registration" name="tc_01" time="5.210"/>
  <testcase classname="com.automationexercise_testscenario.TS_01_Registration" name="tc_04" time="0.733"/>
  <testcase classname="com.automationexercise_testscenario.TS_01_Registration" name="tc_02" time="3.300"/>
</testsuite> <!-- com.automationexercise_testscenario.TS_01_Registration -->
