<?xml version="1.0" encoding="UTF-8"?>
<!-- Generated by org.testng.reporters.JUnitReportReporter -->
<testsuite hostname="SeenaReddy" failures="0" tests="5" name="com.automationexercise_testscenario.TS_01_Registration" time="18.746" errors="0" timestamp="2025-11-03T20:25:26 MST" skipped="0">
  <testcase classname="com.automationexercise_testscenario.TS_01_Registration" name="tc_04" time="3.479"/>
  <testcase classname="com.automationexercise_testscenario.TS_01_Registration" name="tc_02" time="3.072"/>
  <testcase classname="com.automationexercise_testscenario.TS_01_Registration" name="tc_03" time="0.318"/>
  <testcase classname="com.automationexercise_testscenario.TS_01_Registration" name="tc_05" time="4.860"/>
  <testcase classname="com.automationexercise_testscenario.TS_01_Registration" name="tc_01" time="7.017"/>
</testsuite> <!-- com.automationexercise_testscenario.TS_01_Registration -->
