<?xml version="1.0" encoding="UTF-8"?>
<!-- Generated by org.testng.reporters.JUnitReportReporter -->
<testsuite hostname="SeenaReddy" failures="0" tests="3" name="com.automationexercise_testscenario.TS_02_LoginAndLogout" time="43.046" errors="0" timestamp="2025-11-04T19:37:26 MST" skipped="0">
  <testcase classname="com.automationexercise_testscenario.TS_02_LoginAndLogout" name="f" time="12.103"/>
  <testcase classname="com.automationexercise_testscenario.TS_02_LoginAndLogout" name="f" time="18.799"/>
  <testcase classname="com.automationexercise_testscenario.TS_02_LoginAndLogout" name="f" time="12.144"/>
</testsuite> <!-- com.automationexercise_testscenario.TS_02_LoginAndLogout -->
